2016-03-14 10:48:29,013 DEBUG [main] gui.Main (Main.java:196) - GUI launching
2016-03-14 10:48:29,487 DEBUG [JavaFX Application Thread] gui.Controller (Controller.java:129) - List updated
2016-03-14 10:48:29,488 DEBUG [JavaFX Application Thread] gui.Controller (Controller.java:135) - ListView cellSize changed, items assigned
2016-03-14 10:48:29,493 DEBUG [JavaFX Application Thread] gui.Main (Main.java:42) - GUI.fxml loaded
2016-03-14 10:48:30,562 INFO  [JavaFX Application Thread] gui.Controller$7 (Controller.java:589) - List updated
2016-03-14 10:48:31,169 DEBUG [JavaFX Application Thread] gui.Controller$5 (Controller.java:454) - Loading File
2016-03-14 10:48:34,133 DEBUG [Thread-6] gui.Main$1 (Main.java:74) - ScanThread called
2016-03-14 10:48:34,238 DEBUG [Thread-6] gui.Controller (Controller.java:502) - LastCommand set to: ADD 0000000000012
2016-03-14 10:48:34,239 INFO  [JavaFX Application Thread] gui.Controller$6 (Controller.java:507) - Add: 0000000000012
2016-03-14 10:48:34,240 INFO  [Thread-6] gui.Main$1 (Main.java:129) - Barcode set back to ''
2016-03-14 10:48:34,240 DEBUG [Thread-7] gui.Main$1$1 (Main.java:109) - Save Thread called
2016-03-14 10:48:34,241 INFO  [JavaFX Application Thread] gui.Controller (Controller.java:479) - Getting Item with Barcode: 0000000000012
2016-03-14 10:48:34,258 DEBUG [Thread-8] gui.Main$1 (Main.java:74) - ScanThread called
2016-03-14 10:48:34,363 DEBUG [Thread-8] gui.Controller (Controller.java:502) - LastCommand set to: ADD 0000000000003
2016-03-14 10:48:34,364 INFO  [Thread-8] gui.Main$1 (Main.java:129) - Barcode set back to ''
2016-03-14 10:48:34,364 INFO  [JavaFX Application Thread] gui.Controller$6 (Controller.java:507) - Add: 0000000000003
2016-03-14 10:48:34,364 INFO  [JavaFX Application Thread] gui.Controller (Controller.java:479) - Getting Item with Barcode: 0000000000003
2016-03-14 10:48:40,934 DEBUG [JavaFX Application Thread] gui.Controller$5 (Controller.java:454) - Loading File
2016-03-14 10:48:45,653 INFO  [JavaFX Application Thread] gui.Controller (Controller.java:363) - All items are displayed
2016-03-14 10:48:46,005 INFO  [JavaFX Application Thread] gui.Controller (Controller.java:363) - All items are displayed
2016-03-14 10:48:46,669 INFO  [JavaFX Application Thread] gui.Controller (Controller.java:363) - All items are displayed
2016-03-14 10:48:47,346 INFO  [JavaFX Application Thread] gui.Controller (Controller.java:372) - Only items with 'a' in their name are displayed
2016-03-14 10:48:47,353 INFO  [JavaFX Application Thread] gui.Controller (Controller.java:372) - Only items with 'as' in their name are displayed
2016-03-14 10:48:47,498 INFO  [JavaFX Application Thread] gui.Controller (Controller.java:372) - Only items with 'asd' in their name are displayed
2016-03-14 10:48:47,642 INFO  [JavaFX Application Thread] gui.Controller (Controller.java:372) - Only items with 'asda' in their name are displayed
2016-03-14 10:48:48,266 INFO  [JavaFX Application Thread] gui.Controller (Controller.java:372) - Only items with 'asd' in their name are displayed
2016-03-14 10:48:48,538 INFO  [JavaFX Application Thread] gui.Controller (Controller.java:372) - Only items with 'as' in their name are displayed
2016-03-14 10:48:48,650 INFO  [JavaFX Application Thread] gui.Controller (Controller.java:372) - Only items with 'a' in their name are displayed
2016-03-14 10:48:48,753 INFO  [JavaFX Application Thread] gui.Controller (Controller.java:363) - All items are displayed
2016-03-14 10:48:51,482 DEBUG [Thread-9] gui.Main$1 (Main.java:74) - ScanThread called
2016-03-14 10:48:51,587 DEBUG [Thread-9] gui.Controller (Controller.java:502) - LastCommand set to: ADD 0000000000012
2016-03-14 10:48:51,587 INFO  [Thread-9] gui.Main$1 (Main.java:129) - Barcode set back to ''
2016-03-14 10:48:51,588 INFO  [JavaFX Application Thread] gui.Controller$6 (Controller.java:507) - Add: 0000000000012
2016-03-14 10:48:51,588 INFO  [JavaFX Application Thread] gui.Controller (Controller.java:479) - Getting Item with Barcode: 0000000000012
2016-03-14 10:48:51,610 DEBUG [Thread-10] gui.Main$1 (Main.java:74) - ScanThread called
2016-03-14 10:48:51,715 DEBUG [Thread-10] gui.Controller (Controller.java:502) - LastCommand set to: ADD 0000000000003
2016-03-14 10:48:51,716 INFO  [Thread-10] gui.Main$1 (Main.java:129) - Barcode set back to ''
2016-03-14 10:48:51,716 INFO  [JavaFX Application Thread] gui.Controller$6 (Controller.java:507) - Add: 0000000000003
2016-03-14 10:48:51,716 INFO  [JavaFX Application Thread] gui.Controller (Controller.java:479) - Getting Item with Barcode: 0000000000003
2016-03-14 10:49:26,417 DEBUG [Thread-11] gui.Main$1 (Main.java:74) - ScanThread called
2016-03-14 10:49:26,518 DEBUG [Thread-11] gui.Controller (Controller.java:502) - LastCommand set to: ADD 0000000000123
2016-03-14 10:49:26,518 INFO  [Thread-11] gui.Main$1 (Main.java:129) - Barcode set back to ''
2016-03-14 10:49:26,518 INFO  [JavaFX Application Thread] gui.Controller$6 (Controller.java:507) - Add: 0000000000123
2016-03-14 10:49:26,519 INFO  [JavaFX Application Thread] gui.Controller (Controller.java:479) - Getting Item with Barcode: 0000000000123
2016-03-14 10:49:28,697 DEBUG [Thread-12] gui.Main$1 (Main.java:74) - ScanThread called
2016-03-14 10:49:28,797 DEBUG [Thread-12] gui.Controller (Controller.java:502) - LastCommand set to: ADD 0000000000012
2016-03-14 10:49:28,798 INFO  [Thread-12] gui.Main$1 (Main.java:129) - Barcode set back to ''
2016-03-14 10:49:28,798 INFO  [JavaFX Application Thread] gui.Controller$6 (Controller.java:507) - Add: 0000000000012
2016-03-14 10:49:28,798 INFO  [JavaFX Application Thread] gui.Controller (Controller.java:479) - Getting Item with Barcode: 0000000000012
2016-03-14 10:49:28,841 DEBUG [Thread-13] gui.Main$1 (Main.java:74) - ScanThread called
2016-03-14 10:49:28,946 DEBUG [Thread-13] gui.Controller (Controller.java:502) - LastCommand set to: ADD 0000000000003
2016-03-14 10:49:28,947 INFO  [Thread-13] gui.Main$1 (Main.java:129) - Barcode set back to ''
2016-03-14 10:49:28,947 INFO  [JavaFX Application Thread] gui.Controller$6 (Controller.java:507) - Add: 0000000000003
2016-03-14 10:49:28,947 INFO  [JavaFX Application Thread] gui.Controller (Controller.java:479) - Getting Item with Barcode: 0000000000003
2016-03-14 10:49:28,993 DEBUG [Thread-14] gui.Main$1 (Main.java:74) - ScanThread called
2016-03-14 10:49:29,097 DEBUG [Thread-14] gui.Controller (Controller.java:502) - LastCommand set to: ADD 0000000000123
2016-03-14 10:49:29,098 INFO  [Thread-14] gui.Main$1 (Main.java:129) - Barcode set back to ''
2016-03-14 10:49:29,098 INFO  [JavaFX Application Thread] gui.Controller$6 (Controller.java:507) - Add: 0000000000123
2016-03-14 10:49:29,098 INFO  [JavaFX Application Thread] gui.Controller (Controller.java:479) - Getting Item with Barcode: 0000000000123
2016-03-14 10:49:29,129 DEBUG [Thread-15] gui.Main$1 (Main.java:74) - ScanThread called
2016-03-14 10:49:29,233 DEBUG [Thread-15] gui.Controller (Controller.java:502) - LastCommand set to: ADD 0000000000213
2016-03-14 10:49:29,233 INFO  [Thread-15] gui.Main$1 (Main.java:129) - Barcode set back to ''
2016-03-14 10:49:29,234 INFO  [JavaFX Application Thread] gui.Controller$6 (Controller.java:507) - Add: 0000000000213
2016-03-14 10:49:29,234 INFO  [JavaFX Application Thread] gui.Controller (Controller.java:479) - Getting Item with Barcode: 0000000000213
2016-03-14 10:49:29,265 DEBUG [Thread-16] gui.Main$1 (Main.java:74) - ScanThread called
2016-03-14 10:49:29,367 DEBUG [Thread-16] gui.Controller (Controller.java:502) - LastCommand set to: ADD 0000000000123
2016-03-14 10:49:29,367 INFO  [Thread-16] gui.Main$1 (Main.java:129) - Barcode set back to ''
2016-03-14 10:49:29,368 INFO  [JavaFX Application Thread] gui.Controller$6 (Controller.java:507) - Add: 0000000000123
2016-03-14 10:49:29,368 INFO  [JavaFX Application Thread] gui.Controller (Controller.java:479) - Getting Item with Barcode: 0000000000123
2016-03-14 10:49:29,409 DEBUG [Thread-17] gui.Main$1 (Main.java:74) - ScanThread called
2016-03-14 10:49:29,514 DEBUG [Thread-17] gui.Controller (Controller.java:502) - LastCommand set to: ADD 0000000000123
2016-03-14 10:49:29,514 INFO  [Thread-17] gui.Main$1 (Main.java:129) - Barcode set back to ''
2016-03-14 10:49:29,515 INFO  [JavaFX Application Thread] gui.Controller$6 (Controller.java:507) - Add: 0000000000123
2016-03-14 10:49:29,516 INFO  [JavaFX Application Thread] gui.Controller (Controller.java:479) - Getting Item with Barcode: 0000000000123
2016-03-14 10:49:29,545 DEBUG [Thread-18] gui.Main$1 (Main.java:74) - ScanThread called
2016-03-14 10:49:29,647 DEBUG [Thread-18] gui.Controller (Controller.java:502) - LastCommand set to: ADD 0000000000123
2016-03-14 10:49:29,647 INFO  [Thread-18] gui.Main$1 (Main.java:129) - Barcode set back to ''
2016-03-14 10:49:29,648 INFO  [JavaFX Application Thread] gui.Controller$6 (Controller.java:507) - Add: 0000000000123
2016-03-14 10:49:29,648 INFO  [JavaFX Application Thread] gui.Controller (Controller.java:479) - Getting Item with Barcode: 0000000000123
2016-03-14 10:49:29,689 DEBUG [Thread-19] gui.Main$1 (Main.java:74) - ScanThread called
2016-03-14 10:49:29,794 DEBUG [Thread-19] gui.Controller (Controller.java:502) - LastCommand set to: ADD 0000000000123
2016-03-14 10:49:29,795 INFO  [Thread-19] gui.Main$1 (Main.java:129) - Barcode set back to ''
2016-03-14 10:49:29,795 INFO  [JavaFX Application Thread] gui.Controller$6 (Controller.java:507) - Add: 0000000000123
2016-03-14 10:49:29,795 INFO  [JavaFX Application Thread] gui.Controller (Controller.java:479) - Getting Item with Barcode: 0000000000123
2016-03-14 10:49:29,825 DEBUG [Thread-20] gui.Main$1 (Main.java:74) - ScanThread called
2016-03-14 10:49:29,927 DEBUG [Thread-20] gui.Controller (Controller.java:502) - LastCommand set to: ADD 0000000000123
2016-03-14 10:49:29,928 INFO  [Thread-20] gui.Main$1 (Main.java:129) - Barcode set back to ''
2016-03-14 10:49:29,929 DEBUG [Thread-21] gui.Main$1 (Main.java:74) - ScanThread called
2016-03-14 10:49:29,929 INFO  [JavaFX Application Thread] gui.Controller$6 (Controller.java:507) - Add: 0000000000123
2016-03-14 10:49:29,929 INFO  [JavaFX Application Thread] gui.Controller (Controller.java:479) - Getting Item with Barcode: 0000000000123
2016-03-14 10:49:30,033 DEBUG [Thread-21] gui.Controller (Controller.java:502) - LastCommand set to: ADD 0000000000023
2016-03-14 10:49:30,034 INFO  [Thread-21] gui.Main$1 (Main.java:129) - Barcode set back to ''
2016-03-14 10:49:30,034 INFO  [JavaFX Application Thread] gui.Controller$6 (Controller.java:507) - Add: 0000000000023
2016-03-14 10:49:30,034 INFO  [JavaFX Application Thread] gui.Controller (Controller.java:479) - Getting Item with Barcode: 0000000000023
2016-03-14 10:49:31,310 INFO  [JavaFX Application Thread] gui.Controller (Controller.java:363) - All items are displayed
2016-03-14 10:49:31,911 INFO  [JavaFX Application Thread] gui.Controller (Controller.java:363) - All items are displayed
2016-03-14 10:49:36,255 DEBUG [JavaFX Application Thread] gui.Controller (Controller.java:237) - Info Popup triggered, No item selected
2016-03-14 10:49:38,006 DEBUG [Thread-22] gui.Controller$4 (Controller.java:214) - UpdateAll Thread Triggered
2016-03-14 10:49:38,007 DEBUG [Thread-22] gui.Controller$4 (Controller.java:223) - UpdateAll Thread terminated successfully
2016-03-14 10:49:38,008 INFO  [JavaFX Application Thread] gui.Controller$7 (Controller.java:589) - List updated
2016-03-14 10:49:44,453 DEBUG [JavaFX Application Thread] gui.Controller$3 (Controller.java:196) - Window closed
2016-03-14 10:49:44,461 DEBUG [main] gui.Main (Main.java:198) - Program ended
