2016-03-14 10:45:27,740 DEBUG [main] gui.Main (Main.java:196) - GUI launching
2016-03-14 10:45:28,057 DEBUG [JavaFX Application Thread] gui.Controller (Controller.java:129) - List updated
2016-03-14 10:45:28,058 DEBUG [JavaFX Application Thread] gui.Controller (Controller.java:135) - ListView cellSize changed, items assigned
2016-03-14 10:45:28,062 DEBUG [JavaFX Application Thread] gui.Main (Main.java:42) - GUI.fxml loaded
2016-03-14 10:45:28,993 INFO  [JavaFX Application Thread] gui.Controller$7 (Controller.java:589) - List updated
2016-03-14 10:45:29,609 DEBUG [JavaFX Application Thread] gui.Controller$5 (Controller.java:454) - Loading File
2016-03-14 10:45:31,975 DEBUG [JavaFX Application Thread] gui.Controller$5 (Controller.java:454) - Loading File
2016-03-14 10:45:40,728 DEBUG [Thread-6] gui.Main$1 (Main.java:74) - ScanThread called
2016-03-14 10:45:40,831 DEBUG [Thread-6] gui.Controller (Controller.java:502) - LastCommand set to: ADD 0000000000001
2016-03-14 10:45:40,833 INFO  [JavaFX Application Thread] gui.Controller$6 (Controller.java:507) - Add: 0000000000001
2016-03-14 10:45:40,834 INFO  [JavaFX Application Thread] gui.Controller (Controller.java:479) - Getting Item with Barcode: 0000000000001
2016-03-14 10:45:40,834 INFO  [Thread-6] gui.Main$1 (Main.java:129) - Barcode set back to ''
2016-03-14 10:45:40,834 DEBUG [Thread-7] gui.Main$1$1 (Main.java:109) - Save Thread called
2016-03-14 10:45:40,863 DEBUG [Thread-8] gui.Main$1 (Main.java:74) - ScanThread called
2016-03-14 10:45:40,968 DEBUG [Thread-8] gui.Controller (Controller.java:502) - LastCommand set to: ADD 0000000000023
2016-03-14 10:45:40,969 INFO  [Thread-8] gui.Main$1 (Main.java:129) - Barcode set back to ''
2016-03-14 10:45:40,969 INFO  [JavaFX Application Thread] gui.Controller$6 (Controller.java:507) - Add: 0000000000023
2016-03-14 10:45:40,969 INFO  [JavaFX Application Thread] gui.Controller (Controller.java:479) - Getting Item with Barcode: 0000000000023
2016-03-14 10:46:43,972 DEBUG [JavaFX Application Thread] gui.Main (Main.java:59) - Window closed
2016-03-14 10:46:43,995 DEBUG [main] gui.Main (Main.java:198) - Program ended
